[01m[K/home/lucifer/catkin_evok/src/ewok/ewok_simulation/src/trajectory_replanning_example_pointCloud.cpp:[m[K In function â€˜[01m[Kint main(int, char**)[m[Kâ€™:
[01m[K/home/lucifer/catkin_evok/src/ewok/ewok_simulation/src/trajectory_replanning_example_pointCloud.cpp:298:20:[m[K [01;31m[Kerror: [m[Kâ€˜[01m[Kclass ros::NodeHandle[m[Kâ€™ has no member named â€˜[01m[KwaitForMessgae[m[Kâ€™
     robotpose = nh.[01;31m[KwaitForMessgae[m[K<geometry_msgs::PoseStamped>("/mavros/local_position/pose")
                    [01;31m[K^~~~~~~~~~~~~~[m[K
[01m[K/home/lucifer/catkin_evok/src/ewok/ewok_simulation/src/trajectory_replanning_example_pointCloud.cpp:298:61:[m[K [01;31m[Kerror: [m[Kexpected primary-expression before â€˜[01m[K>[m[Kâ€™ token
     robotpose = nh.waitForMessgae<geometry_msgs::PoseStamped[01;31m[K>[m[K("/mavros/local_position/pose")
                                                             [01;31m[K^[m[K
make[2]: *** [CMakeFiles/trajectory_replanning_pointCloud.dir/src/trajectory_replanning_example_pointCloud.cpp.o] Error 1
make[1]: *** [CMakeFiles/trajectory_replanning_pointCloud.dir/all] Error 2
make: *** [all] Error 2
